Using pre-set license
Built from '2020.3/staging' branch; Version is '2020.3.11f1 (99c7afb366b3) revision 10078127'; Using compiler version '192528614'; Build Type 'Release'
OS: 'Windows 10 Education; OS build 19043.1110; Version 2009; 64bit' Language: 'en' Physical Memory: 16309 MB
BatchMode: 1, IsHumanControllingUs: 0, StartBugReporterOnCrash: 0, Is64bit: 1, IsPro: 0

 COMMAND LINE ARGUMENTS:
C:\Program Files\Unity\Hub\Editor\2020.3.11f1\Editor\Unity.exe
-adb2
-batchMode
-noUpm
-name
AssetImportWorker0
-projectPath
C:/Users/Chris/ENSC482
-logFile
Logs/AssetImportWorker0.log
-srvPort
54088
Successfully changed project path to: C:/Users/Chris/ENSC482
C:/Users/Chris/ENSC482
Using Asset Import Pipeline V2.
Refreshing native plugins compatible for Editor in 36.35 ms, found 3 plugins.
Preloading 0 native plugins for Editor in 0.00 ms.
Initialize engine version: 2020.3.11f1 (99c7afb366b3)
[Subsystems] Discovering subsystems at path C:/Program Files/Unity/Hub/Editor/2020.3.11f1/Editor/Data/Resources/UnitySubsystems
[Subsystems] Discovering subsystems at path C:/Users/Chris/ENSC482/Assets
GfxDevice: creating device client; threaded=0
Direct3D:
    Version:  Direct3D 11.0 [level 11.1]
    Renderer: NVIDIA GeForce GTX 1070 (ID=0x1b81)
    Vendor:   
    VRAM:     8088 MB
    Driver:   30.0.14.7141
Initialize mono
Mono path[0] = 'C:/Program Files/Unity/Hub/Editor/2020.3.11f1/Editor/Data/Managed'
Mono path[1] = 'C:/Program Files/Unity/Hub/Editor/2020.3.11f1/Editor/Data/MonoBleedingEdge/lib/mono/unityjit'
Mono config path = 'C:/Program Files/Unity/Hub/Editor/2020.3.11f1/Editor/Data/MonoBleedingEdge/etc'
Using monoOptions --debugger-agent=transport=dt_socket,embedding=1,server=y,suspend=n,address=127.0.0.1:56516
Begin MonoManager ReloadAssembly
Registering precompiled unity dll's ...
Register platform support module: C:/Program Files/Unity/Hub/Editor/2020.3.11f1/Editor/Data/PlaybackEngines/WindowsStandaloneSupport/UnityEditor.WindowsStandalone.Extensions.dll
Registered in 0.001768 seconds.
Native extension for WindowsStandalone target not found
Refreshing native plugins compatible for Editor in 35.13 ms, found 3 plugins.
Preloading 0 native plugins for Editor in 0.00 ms.
Mono: successfully reloaded assembly
- Completed reload, in  0.904 seconds
Platform modules already initialized, skipping
Registering precompiled user dll's ...
Registered in 0.003774 seconds.
Begin MonoManager ReloadAssembly
Native extension for WindowsStandalone target not found
Refreshing native plugins compatible for Editor in 33.52 ms, found 3 plugins.
Preloading 0 native plugins for Editor in 0.00 ms.
Mono: successfully reloaded assembly
- Completed reload, in  0.978 seconds
Platform modules already initialized, skipping
========================================================================
Worker process is ready to serve import requests
Launched and connected shader compiler UnityShaderCompiler.exe after 0.04 seconds
Refreshing native plugins compatible for Editor in 0.43 ms, found 3 plugins.
Preloading 0 native plugins for Editor in 0.00 ms.
Unloading 2087 Unused Serialized files (Serialized files now loaded: 0)
System memory in use before: 93.2 MB.
System memory in use after: 93.2 MB.

Unloading 33 unused Assets to reduce memory usage. Loaded Objects now: 2524.
Total: 2.226100 ms (FindLiveObjects: 0.149000 ms CreateObjectMapping: 0.057300 ms MarkObjects: 1.902100 ms  DeleteObjects: 0.116800 ms)

========================================================================
Received Import Request.
  path: Assets/Scripts
  artifactKey: Guid(88784aafebac53b4c9e78157928da7ec) Importer(815301076,1909f56bfc062723c751e8b465ee728b)
Start importing Assets/Scripts using Guid(88784aafebac53b4c9e78157928da7ec) Importer(815301076,1909f56bfc062723c751e8b465ee728b)  -> (artifact id: '08e2810aee8393250794ad9034fef16d') in 0.006572 seconds
  Import took 0.009195 seconds .

========================================================================
Received Import Request.
  Time since last request: 0.000212 seconds.
  path: Assets/Scripts/WebcamCameraScript.cs
  artifactKey: Guid(9f8ebc2d6806847459929b75da9da2b2) Importer(815301076,1909f56bfc062723c751e8b465ee728b)
Start importing Assets/Scripts/WebcamCameraScript.cs using Guid(9f8ebc2d6806847459929b75da9da2b2) Importer(815301076,1909f56bfc062723c751e8b465ee728b)  -> (artifact id: '5a14299c74b253cac03967dda33a642f') in 0.023226 seconds
  Import took 0.025792 seconds .

========================================================================
Received Import Request.
  Time since last request: 141.800512 seconds.
  path: Assets/Scripts/SAMPLE CODE.cs
  artifactKey: Guid(e8067171dc5ed4a4cb24c5e999e62f68) Importer(815301076,1909f56bfc062723c751e8b465ee728b)
Start importing Assets/Scripts/SAMPLE CODE.cs using Guid(e8067171dc5ed4a4cb24c5e999e62f68) Importer(815301076,1909f56bfc062723c751e8b465ee728b)  -> (artifact id: 'd8c8bca07deed89fdf6e6e87add6aa5f') in 0.018379 seconds
  Import took 0.021329 seconds .

========================================================================
Received Import Request.
  Time since last request: 3.139937 seconds.
  path: Assets/Scripts/Menu.cs
  artifactKey: Guid(4514649db0cac124b9a7438e3d48f39f) Importer(815301076,1909f56bfc062723c751e8b465ee728b)
Start importing Assets/Scripts/Menu.cs using Guid(4514649db0cac124b9a7438e3d48f39f) Importer(815301076,1909f56bfc062723c751e8b465ee728b)  -> (artifact id: 'ff283e402c28f21030295b7b8385a2ef') in 0.005333 seconds
  Import took 0.008046 seconds .

========================================================================
Received Import Request.
  Time since last request: 0.000656 seconds.
  path: Assets/Scripts/Menu.cs
  artifactKey: Guid(4514649db0cac124b9a7438e3d48f39f) Importer(815301076,1909f56bfc062723c751e8b465ee728b)
Start importing Assets/Scripts/Menu.cs using Guid(4514649db0cac124b9a7438e3d48f39f) Importer(815301076,1909f56bfc062723c751e8b465ee728b)  -> (artifact id: 'ff283e402c28f21030295b7b8385a2ef') in 0.001989 seconds
  Import took 0.004948 seconds .

========================================================================
Received Import Request.
  Time since last request: 0.461649 seconds.
  path: Assets/Scripts/Game.cs
  artifactKey: Guid(00abbe4961b1b774ca2840ad569a6db2) Importer(815301076,1909f56bfc062723c751e8b465ee728b)
Start importing Assets/Scripts/Game.cs using Guid(00abbe4961b1b774ca2840ad569a6db2) Importer(815301076,1909f56bfc062723c751e8b465ee728b)  -> (artifact id: '6720eb89aa31675fc9dc1eb992757bc4') in 0.005310 seconds
  Import took 0.008221 seconds .

========================================================================
Received Import Request.
  Time since last request: 42.848375 seconds.
  path: Assets/Scripts/Webcam.cs
  artifactKey: Guid(9aaee032f11d6c94e981866b58608ecb) Importer(815301076,1909f56bfc062723c751e8b465ee728b)
Start importing Assets/Scripts/Webcam.cs using Guid(9aaee032f11d6c94e981866b58608ecb) Importer(815301076,1909f56bfc062723c751e8b465ee728b)  -> (artifact id: 'f224f2d7f927c5009c5a16f10f8ba0fa') in 0.006035 seconds
  Import took 0.008930 seconds .

========================================================================
Received Import Request.
  Time since last request: 0.001199 seconds.
  path: Assets/Scripts/Webcam.cs
  artifactKey: Guid(9aaee032f11d6c94e981866b58608ecb) Importer(815301076,1909f56bfc062723c751e8b465ee728b)
Start importing Assets/Scripts/Webcam.cs using Guid(9aaee032f11d6c94e981866b58608ecb) Importer(815301076,1909f56bfc062723c751e8b465ee728b)  -> (artifact id: 'f224f2d7f927c5009c5a16f10f8ba0fa') in 0.002209 seconds
  Import took 0.005154 seconds .

========================================================================
Received Prepare
Registering precompiled user dll's ...
Registered in 0.003687 seconds.
Begin MonoManager ReloadAssembly
Native extension for WindowsStandalone target not found
Refreshing native plugins compatible for Editor in 0.40 ms, found 3 plugins.
Preloading 0 native plugins for Editor in 0.00 ms.
Mono: successfully reloaded assembly
- Completed reload, in  0.850 seconds
Platform modules already initialized, skipping
Refreshing native plugins compatible for Editor in 0.38 ms, found 3 plugins.
Preloading 0 native plugins for Editor in 0.00 ms.
Unloading 2082 Unused Serialized files (Serialized files now loaded: 0)
System memory in use before: 93.2 MB.
System memory in use after: 93.1 MB.

Unloading 21 unused Assets to reduce memory usage. Loaded Objects now: 2528.
Total: 1.937400 ms (FindLiveObjects: 0.164100 ms CreateObjectMapping: 0.068500 ms MarkObjects: 1.617000 ms  DeleteObjects: 0.086900 ms)

========================================================================
Received Prepare
Registering precompiled user dll's ...
Registered in 0.003905 seconds.
Begin MonoManager ReloadAssembly
Native extension for WindowsStandalone target not found
Refreshing native plugins compatible for Editor in 0.46 ms, found 3 plugins.
Preloading 0 native plugins for Editor in 0.00 ms.
Mono: successfully reloaded assembly
- Completed reload, in  0.881 seconds
Platform modules already initialized, skipping
Refreshing native plugins compatible for Editor in 0.39 ms, found 3 plugins.
Preloading 0 native plugins for Editor in 0.00 ms.
Unloading 2082 Unused Serialized files (Serialized files now loaded: 0)
System memory in use before: 93.2 MB.
System memory in use after: 93.2 MB.

Unloading 21 unused Assets to reduce memory usage. Loaded Objects now: 2532.
Total: 1.973100 ms (FindLiveObjects: 0.176000 ms CreateObjectMapping: 0.068600 ms MarkObjects: 1.633400 ms  DeleteObjects: 0.094300 ms)

========================================================================
Received Prepare
Registering precompiled user dll's ...
Registered in 0.003605 seconds.
Begin MonoManager ReloadAssembly
Native extension for WindowsStandalone target not found
Refreshing native plugins compatible for Editor in 0.40 ms, found 3 plugins.
Preloading 0 native plugins for Editor in 0.00 ms.
Mono: successfully reloaded assembly
- Completed reload, in  0.901 seconds
Platform modules already initialized, skipping
Refreshing native plugins compatible for Editor in 0.40 ms, found 3 plugins.
Preloading 0 native plugins for Editor in 0.00 ms.
Unloading 2082 Unused Serialized files (Serialized files now loaded: 0)
System memory in use before: 93.2 MB.
System memory in use after: 93.2 MB.

Unloading 21 unused Assets to reduce memory usage. Loaded Objects now: 2536.
Total: 2.186100 ms (FindLiveObjects: 0.188700 ms CreateObjectMapping: 0.083300 ms MarkObjects: 1.807200 ms  DeleteObjects: 0.105800 ms)

========================================================================
Received Prepare
Registering precompiled user dll's ...
Registered in 0.003634 seconds.
Begin MonoManager ReloadAssembly
Native extension for WindowsStandalone target not found
Refreshing native plugins compatible for Editor in 0.42 ms, found 3 plugins.
Preloading 0 native plugins for Editor in 0.00 ms.
Mono: successfully reloaded assembly
- Completed reload, in  0.898 seconds
Platform modules already initialized, skipping
Refreshing native plugins compatible for Editor in 0.40 ms, found 3 plugins.
Preloading 0 native plugins for Editor in 0.00 ms.
Unloading 2082 Unused Serialized files (Serialized files now loaded: 0)
System memory in use before: 93.2 MB.
System memory in use after: 93.2 MB.

Unloading 21 unused Assets to reduce memory usage. Loaded Objects now: 2540.
Total: 3.174500 ms (FindLiveObjects: 0.162900 ms CreateObjectMapping: 0.066200 ms MarkObjects: 2.836400 ms  DeleteObjects: 0.107900 ms)

========================================================================
Received Import Request.
  Time since last request: 461.546649 seconds.
  path: Assets/Scripts/Webcam.cs
  artifactKey: Guid(9aaee032f11d6c94e981866b58608ecb) Importer(815301076,1909f56bfc062723c751e8b465ee728b)
Start importing Assets/Scripts/Webcam.cs using Guid(9aaee032f11d6c94e981866b58608ecb) Importer(815301076,1909f56bfc062723c751e8b465ee728b)  -> (artifact id: '468c23fe8d6bb63bc13c6d373b199402') in 0.006942 seconds
  Import took 0.009814 seconds .

========================================================================
Received Import Request.
  Time since last request: 0.042598 seconds.
  path: Assets/Scripts/Webcam.cs
  artifactKey: Guid(9aaee032f11d6c94e981866b58608ecb) Importer(815301076,1909f56bfc062723c751e8b465ee728b)
Start importing Assets/Scripts/Webcam.cs using Guid(9aaee032f11d6c94e981866b58608ecb) Importer(815301076,1909f56bfc062723c751e8b465ee728b)  -> (artifact id: '468c23fe8d6bb63bc13c6d373b199402') in 0.002501 seconds
  Import took 0.006362 seconds .

========================================================================
Received Prepare
Registering precompiled user dll's ...
Registered in 0.003599 seconds.
Begin MonoManager ReloadAssembly
Native extension for WindowsStandalone target not found
Refreshing native plugins compatible for Editor in 0.49 ms, found 3 plugins.
Preloading 0 native plugins for Editor in 0.00 ms.
Mono: successfully reloaded assembly
- Completed reload, in  1.038 seconds
Platform modules already initialized, skipping
Refreshing native plugins compatible for Editor in 0.45 ms, found 3 plugins.
Preloading 0 native plugins for Editor in 0.00 ms.
Unloading 2082 Unused Serialized files (Serialized files now loaded: 0)
System memory in use before: 93.2 MB.
System memory in use after: 93.2 MB.

Unloading 21 unused Assets to reduce memory usage. Loaded Objects now: 2544.
Total: 2.776000 ms (FindLiveObjects: 0.323100 ms CreateObjectMapping: 0.104300 ms MarkObjects: 2.225200 ms  DeleteObjects: 0.121300 ms)

========================================================================
Received Prepare
Registering precompiled user dll's ...
Registered in 0.003921 seconds.
Begin MonoManager ReloadAssembly
Native extension for WindowsStandalone target not found
Refreshing native plugins compatible for Editor in 0.40 ms, found 3 plugins.
Preloading 0 native plugins for Editor in 0.00 ms.
Mono: successfully reloaded assembly
- Completed reload, in  0.875 seconds
Platform modules already initialized, skipping
Refreshing native plugins compatible for Editor in 0.41 ms, found 3 plugins.
Preloading 0 native plugins for Editor in 0.00 ms.
Unloading 2082 Unused Serialized files (Serialized files now loaded: 0)
System memory in use before: 93.2 MB.
System memory in use after: 93.2 MB.

Unloading 21 unused Assets to reduce memory usage. Loaded Objects now: 2548.
Total: 1.989400 ms (FindLiveObjects: 0.149200 ms CreateObjectMapping: 0.059400 ms MarkObjects: 1.687800 ms  DeleteObjects: 0.092200 ms)

========================================================================
Received Import Request.
  Time since last request: 1332.911444 seconds.
  path: Assets/Scripts/Game.cs
  artifactKey: Guid(00abbe4961b1b774ca2840ad569a6db2) Importer(815301076,1909f56bfc062723c751e8b465ee728b)
Start importing Assets/Scripts/Game.cs using Guid(00abbe4961b1b774ca2840ad569a6db2) Importer(815301076,1909f56bfc062723c751e8b465ee728b)  -> (artifact id: '5aa83572f968d030a2bdca0ea05275cc') in 0.003878 seconds
  Import took 0.006505 seconds .

========================================================================
Received Prepare
Registering precompiled user dll's ...
Registered in 0.003527 seconds.
Begin MonoManager ReloadAssembly
Native extension for WindowsStandalone target not found
Refreshing native plugins compatible for Editor in 0.36 ms, found 3 plugins.
Preloading 0 native plugins for Editor in 0.00 ms.
Mono: successfully reloaded assembly
- Completed reload, in  0.849 seconds
Platform modules already initialized, skipping
Refreshing native plugins compatible for Editor in 0.40 ms, found 3 plugins.
Preloading 0 native plugins for Editor in 0.00 ms.
Unloading 2082 Unused Serialized files (Serialized files now loaded: 0)
System memory in use before: 93.3 MB.
System memory in use after: 93.2 MB.

Unloading 21 unused Assets to reduce memory usage. Loaded Objects now: 2552.
Total: 2.026100 ms (FindLiveObjects: 0.158100 ms CreateObjectMapping: 0.060500 ms MarkObjects: 1.715900 ms  DeleteObjects: 0.090800 ms)

========================================================================
Received Prepare
Registering precompiled user dll's ...
Registered in 0.003809 seconds.
Begin MonoManager ReloadAssembly
Native extension for WindowsStandalone target not found
Refreshing native plugins compatible for Editor in 0.39 ms, found 3 plugins.
Preloading 0 native plugins for Editor in 0.00 ms.
Mono: successfully reloaded assembly
- Completed reload, in  0.855 seconds
Platform modules already initialized, skipping
Refreshing native plugins compatible for Editor in 0.42 ms, found 3 plugins.
Preloading 0 native plugins for Editor in 0.00 ms.
Unloading 2082 Unused Serialized files (Serialized files now loaded: 0)
System memory in use before: 93.3 MB.
System memory in use after: 93.2 MB.

Unloading 21 unused Assets to reduce memory usage. Loaded Objects now: 2556.
Total: 1.923800 ms (FindLiveObjects: 0.149800 ms CreateObjectMapping: 0.059900 ms MarkObjects: 1.622100 ms  DeleteObjects: 0.091000 ms)

========================================================================
Received Prepare
Registering precompiled user dll's ...
Registered in 0.003921 seconds.
Begin MonoManager ReloadAssembly
Native extension for WindowsStandalone target not found
Refreshing native plugins compatible for Editor in 0.39 ms, found 3 plugins.
Preloading 0 native plugins for Editor in 0.00 ms.
Mono: successfully reloaded assembly
- Completed reload, in  0.952 seconds
Platform modules already initialized, skipping
Refreshing native plugins compatible for Editor in 0.42 ms, found 3 plugins.
Preloading 0 native plugins for Editor in 0.00 ms.
Unloading 2082 Unused Serialized files (Serialized files now loaded: 0)
System memory in use before: 93.3 MB.
System memory in use after: 93.3 MB.

Unloading 21 unused Assets to reduce memory usage. Loaded Objects now: 2560.
Total: 1.992600 ms (FindLiveObjects: 0.162200 ms CreateObjectMapping: 0.060300 ms MarkObjects: 1.621500 ms  DeleteObjects: 0.147400 ms)

========================================================================
Received Prepare
Registering precompiled user dll's ...
Registered in 0.004353 seconds.
Begin MonoManager ReloadAssembly
Native extension for WindowsStandalone target not found
Refreshing native plugins compatible for Editor in 0.38 ms, found 3 plugins.
Preloading 0 native plugins for Editor in 0.00 ms.
Mono: successfully reloaded assembly
- Completed reload, in  0.836 seconds
Platform modules already initialized, skipping
Refreshing native plugins compatible for Editor in 0.42 ms, found 3 plugins.
Preloading 0 native plugins for Editor in 0.00 ms.
Unloading 2082 Unused Serialized files (Serialized files now loaded: 0)
System memory in use before: 93.3 MB.
System memory in use after: 93.3 MB.

Unloading 21 unused Assets to reduce memory usage. Loaded Objects now: 2564.
Total: 2.006000 ms (FindLiveObjects: 0.148600 ms CreateObjectMapping: 0.058700 ms MarkObjects: 1.663200 ms  DeleteObjects: 0.134800 ms)

========================================================================
Received Prepare
Registering precompiled user dll's ...
Registered in 0.003999 seconds.
Begin MonoManager ReloadAssembly
Native extension for WindowsStandalone target not found
Refreshing native plugins compatible for Editor in 0.44 ms, found 3 plugins.
Preloading 0 native plugins for Editor in 0.00 ms.
Mono: successfully reloaded assembly
- Completed reload, in  1.048 seconds
Platform modules already initialized, skipping
Refreshing native plugins compatible for Editor in 0.42 ms, found 3 plugins.
Preloading 0 native plugins for Editor in 0.00 ms.
Unloading 2082 Unused Serialized files (Serialized files now loaded: 0)
System memory in use before: 93.3 MB.
System memory in use after: 93.3 MB.

Unloading 21 unused Assets to reduce memory usage. Loaded Objects now: 2568.
Total: 2.568000 ms (FindLiveObjects: 0.175700 ms CreateObjectMapping: 0.075600 ms MarkObjects: 2.207300 ms  DeleteObjects: 0.108200 ms)

========================================================================
Received Prepare
Registering precompiled user dll's ...
Registered in 0.004415 seconds.
Begin MonoManager ReloadAssembly
Native extension for WindowsStandalone target not found
Refreshing native plugins compatible for Editor in 0.46 ms, found 3 plugins.
Preloading 0 native plugins for Editor in 0.00 ms.
Mono: successfully reloaded assembly
- Completed reload, in  0.913 seconds
Platform modules already initialized, skipping
Refreshing native plugins compatible for Editor in 0.40 ms, found 3 plugins.
Preloading 0 native plugins for Editor in 0.00 ms.
Unloading 2082 Unused Serialized files (Serialized files now loaded: 0)
System memory in use before: 93.3 MB.
System memory in use after: 93.3 MB.

Unloading 21 unused Assets to reduce memory usage. Loaded Objects now: 2572.
Total: 2.207200 ms (FindLiveObjects: 0.171900 ms CreateObjectMapping: 0.071300 ms MarkObjects: 1.852900 ms  DeleteObjects: 0.110000 ms)

========================================================================
Received Import Request.
  Time since last request: 1124.236467 seconds.
  path: Assets/Scenes/Game Scene.unity
  artifactKey: Guid(2cda990e2423bbf4892e6590ba056729) Importer(815301076,1909f56bfc062723c751e8b465ee728b)
Start importing Assets/Scenes/Game Scene.unity using Guid(2cda990e2423bbf4892e6590ba056729) Importer(815301076,1909f56bfc062723c751e8b465ee728b)  -> (artifact id: '431e75f48707d4a9591119ff1aa05cbf') in 0.024765 seconds
  Import took 0.027720 seconds .

========================================================================
Received Import Request.
  Time since last request: 1.728597 seconds.
  path: Assets/Scenes/Menu.unity
  artifactKey: Guid(13e4cd7dbf082cb4c979240ab96e54b5) Importer(815301076,1909f56bfc062723c751e8b465ee728b)
Start importing Assets/Scenes/Menu.unity using Guid(13e4cd7dbf082cb4c979240ab96e54b5) Importer(815301076,1909f56bfc062723c751e8b465ee728b)  -> (artifact id: '4ea797b9a60d1b9531db730e7158893c') in 0.005670 seconds
  Import took 0.008754 seconds .

========================================================================
Received Prepare
Registering precompiled user dll's ...
Registered in 0.003671 seconds.
Begin MonoManager ReloadAssembly
Native extension for WindowsStandalone target not found
Refreshing native plugins compatible for Editor in 0.39 ms, found 3 plugins.
Preloading 0 native plugins for Editor in 0.00 ms.
Mono: successfully reloaded assembly
- Completed reload, in  0.887 seconds
Platform modules already initialized, skipping
Refreshing native plugins compatible for Editor in 0.39 ms, found 3 plugins.
Preloading 0 native plugins for Editor in 0.00 ms.
Unloading 2082 Unused Serialized files (Serialized files now loaded: 0)
System memory in use before: 93.3 MB.
System memory in use after: 93.3 MB.

Unloading 21 unused Assets to reduce memory usage. Loaded Objects now: 2576.
Total: 2.131200 ms (FindLiveObjects: 0.158400 ms CreateObjectMapping: 0.060900 ms MarkObjects: 1.813500 ms  DeleteObjects: 0.097200 ms)

========================================================================
Received Prepare
Registering precompiled user dll's ...
Registered in 0.003697 seconds.
Begin MonoManager ReloadAssembly
Native extension for WindowsStandalone target not found
Refreshing native plugins compatible for Editor in 0.43 ms, found 3 plugins.
Preloading 0 native plugins for Editor in 0.00 ms.
Mono: successfully reloaded assembly
- Completed reload, in  0.888 seconds
Platform modules already initialized, skipping
Refreshing native plugins compatible for Editor in 0.39 ms, found 3 plugins.
Preloading 0 native plugins for Editor in 0.00 ms.
Unloading 2082 Unused Serialized files (Serialized files now loaded: 0)
System memory in use before: 93.3 MB.
System memory in use after: 93.3 MB.

Unloading 21 unused Assets to reduce memory usage. Loaded Objects now: 2580.
Total: 2.017300 ms (FindLiveObjects: 0.158900 ms CreateObjectMapping: 0.062300 ms MarkObjects: 1.702300 ms  DeleteObjects: 0.092800 ms)

========================================================================
Received Prepare
Registering precompiled user dll's ...
Registered in 0.003628 seconds.
Begin MonoManager ReloadAssembly
Native extension for WindowsStandalone target not found
Refreshing native plugins compatible for Editor in 0.39 ms, found 3 plugins.
Preloading 0 native plugins for Editor in 0.00 ms.
Mono: successfully reloaded assembly
- Completed reload, in  0.872 seconds
Platform modules already initialized, skipping
Refreshing native plugins compatible for Editor in 0.39 ms, found 3 plugins.
Preloading 0 native plugins for Editor in 0.00 ms.
Unloading 2082 Unused Serialized files (Serialized files now loaded: 0)
System memory in use before: 93.3 MB.
System memory in use after: 93.3 MB.

Unloading 21 unused Assets to reduce memory usage. Loaded Objects now: 2584.
Total: 2.112600 ms (FindLiveObjects: 0.155600 ms CreateObjectMapping: 0.061900 ms MarkObjects: 1.796100 ms  DeleteObjects: 0.098000 ms)

========================================================================
Received Prepare
Registering precompiled user dll's ...
Registered in 0.003541 seconds.
Begin MonoManager ReloadAssembly
Native extension for WindowsStandalone target not found
Refreshing native plugins compatible for Editor in 0.38 ms, found 3 plugins.
Preloading 0 native plugins for Editor in 0.00 ms.
Mono: successfully reloaded assembly
- Completed reload, in  0.873 seconds
Platform modules already initialized, skipping
Refreshing native plugins compatible for Editor in 0.41 ms, found 3 plugins.
Preloading 0 native plugins for Editor in 0.00 ms.
Unloading 2082 Unused Serialized files (Serialized files now loaded: 0)
System memory in use before: 93.3 MB.
System memory in use after: 93.3 MB.

Unloading 21 unused Assets to reduce memory usage. Loaded Objects now: 2588.
Total: 2.021400 ms (FindLiveObjects: 0.154000 ms CreateObjectMapping: 0.061200 ms MarkObjects: 1.697500 ms  DeleteObjects: 0.108000 ms)

========================================================================
Received Prepare
Registering precompiled user dll's ...
Registered in 0.003601 seconds.
Begin MonoManager ReloadAssembly
Native extension for WindowsStandalone target not found
Refreshing native plugins compatible for Editor in 0.40 ms, found 3 plugins.
Preloading 0 native plugins for Editor in 0.00 ms.
Mono: successfully reloaded assembly
- Completed reload, in  0.864 seconds
Platform modules already initialized, skipping
Refreshing native plugins compatible for Editor in 0.45 ms, found 3 plugins.
Preloading 0 native plugins for Editor in 0.00 ms.
Unloading 2082 Unused Serialized files (Serialized files now loaded: 0)
System memory in use before: 93.4 MB.
System memory in use after: 93.3 MB.

Unloading 21 unused Assets to reduce memory usage. Loaded Objects now: 2592.
Total: 2.084300 ms (FindLiveObjects: 0.160200 ms CreateObjectMapping: 0.062800 ms MarkObjects: 1.766900 ms  DeleteObjects: 0.093600 ms)

========================================================================
Received Prepare
Registering precompiled user dll's ...
Registered in 0.004339 seconds.
Begin MonoManager ReloadAssembly
Native extension for WindowsStandalone target not found
Refreshing native plugins compatible for Editor in 0.39 ms, found 3 plugins.
Preloading 0 native plugins for Editor in 0.00 ms.
Mono: successfully reloaded assembly
- Completed reload, in  0.880 seconds
Platform modules already initialized, skipping
Refreshing native plugins compatible for Editor in 0.39 ms, found 3 plugins.
Preloading 0 native plugins for Editor in 0.00 ms.
Unloading 2082 Unused Serialized files (Serialized files now loaded: 0)
System memory in use before: 93.4 MB.
System memory in use after: 93.3 MB.

Unloading 21 unused Assets to reduce memory usage. Loaded Objects now: 2596.
Total: 2.045800 ms (FindLiveObjects: 0.167500 ms CreateObjectMapping: 0.064100 ms MarkObjects: 1.720200 ms  DeleteObjects: 0.093200 ms)

========================================================================
Received Prepare
Registering precompiled user dll's ...
Registered in 0.006674 seconds.
Begin MonoManager ReloadAssembly
Native extension for WindowsStandalone target not found
Refreshing native plugins compatible for Editor in 0.55 ms, found 3 plugins.
Preloading 0 native plugins for Editor in 0.00 ms.
Mono: successfully reloaded assembly
- Completed reload, in  1.091 seconds
Platform modules already initialized, skipping
Refreshing native plugins compatible for Editor in 0.99 ms, found 3 plugins.
Preloading 0 native plugins for Editor in 0.00 ms.
Unloading 2082 Unused Serialized files (Serialized files now loaded: 0)
System memory in use before: 93.4 MB.
System memory in use after: 93.4 MB.

Unloading 21 unused Assets to reduce memory usage. Loaded Objects now: 2600.
Total: 3.023500 ms (FindLiveObjects: 0.194100 ms CreateObjectMapping: 0.139200 ms MarkObjects: 2.554300 ms  DeleteObjects: 0.134100 ms)

========================================================================
Received Prepare
Registering precompiled user dll's ...
Registered in 0.003929 seconds.
Begin MonoManager ReloadAssembly
Native extension for WindowsStandalone target not found
Refreshing native plugins compatible for Editor in 0.41 ms, found 3 plugins.
Preloading 0 native plugins for Editor in 0.00 ms.
Mono: successfully reloaded assembly
- Completed reload, in  0.897 seconds
Platform modules already initialized, skipping
Refreshing native plugins compatible for Editor in 0.40 ms, found 3 plugins.
Preloading 0 native plugins for Editor in 0.00 ms.
Unloading 2082 Unused Serialized files (Serialized files now loaded: 0)
System memory in use before: 93.4 MB.
System memory in use after: 93.4 MB.

Unloading 21 unused Assets to reduce memory usage. Loaded Objects now: 2604.
Total: 2.017200 ms (FindLiveObjects: 0.166500 ms CreateObjectMapping: 0.068800 ms MarkObjects: 1.689900 ms  DeleteObjects: 0.091100 ms)

========================================================================
Received Prepare
Registering precompiled user dll's ...
Registered in 0.003554 seconds.
Begin MonoManager ReloadAssembly
Native extension for WindowsStandalone target not found
Refreshing native plugins compatible for Editor in 0.42 ms, found 3 plugins.
Preloading 0 native plugins for Editor in 0.00 ms.
Mono: successfully reloaded assembly
- Completed reload, in  0.860 seconds
Platform modules already initialized, skipping
Refreshing native plugins compatible for Editor in 0.39 ms, found 3 plugins.
Preloading 0 native plugins for Editor in 0.00 ms.
Unloading 2082 Unused Serialized files (Serialized files now loaded: 0)
System memory in use before: 93.4 MB.
System memory in use after: 93.4 MB.

Unloading 21 unused Assets to reduce memory usage. Loaded Objects now: 2608.
Total: 2.037100 ms (FindLiveObjects: 0.159300 ms CreateObjectMapping: 0.061300 ms MarkObjects: 1.717000 ms  DeleteObjects: 0.098500 ms)

========================================================================
Received Prepare
Registering precompiled user dll's ...
Registered in 0.003728 seconds.
Begin MonoManager ReloadAssembly
Native extension for WindowsStandalone target not found
Refreshing native plugins compatible for Editor in 0.40 ms, found 3 plugins.
Preloading 0 native plugins for Editor in 0.00 ms.
Mono: successfully reloaded assembly
- Completed reload, in  0.919 seconds
Platform modules already initialized, skipping
Refreshing native plugins compatible for Editor in 0.39 ms, found 3 plugins.
Preloading 0 native plugins for Editor in 0.00 ms.
Unloading 2082 Unused Serialized files (Serialized files now loaded: 0)
System memory in use before: 93.4 MB.
System memory in use after: 93.4 MB.

Unloading 21 unused Assets to reduce memory usage. Loaded Objects now: 2612.
Total: 2.025200 ms (FindLiveObjects: 0.165400 ms CreateObjectMapping: 0.061100 ms MarkObjects: 1.701700 ms  DeleteObjects: 0.096300 ms)

========================================================================
Received Prepare
Registering precompiled user dll's ...
Registered in 0.003645 seconds.
Begin MonoManager ReloadAssembly
Native extension for WindowsStandalone target not found
Refreshing native plugins compatible for Editor in 0.39 ms, found 3 plugins.
Preloading 0 native plugins for Editor in 0.00 ms.
Mono: successfully reloaded assembly
- Completed reload, in  0.884 seconds
Platform modules already initialized, skipping
Refreshing native plugins compatible for Editor in 0.38 ms, found 3 plugins.
Preloading 0 native plugins for Editor in 0.00 ms.
Unloading 2082 Unused Serialized files (Serialized files now loaded: 0)
System memory in use before: 93.4 MB.
System memory in use after: 93.4 MB.

Unloading 21 unused Assets to reduce memory usage. Loaded Objects now: 2616.
Total: 2.222100 ms (FindLiveObjects: 0.195900 ms CreateObjectMapping: 0.075600 ms MarkObjects: 1.847100 ms  DeleteObjects: 0.102400 ms)

========================================================================
Received Prepare
Registering precompiled user dll's ...
Registered in 0.003711 seconds.
Begin MonoManager ReloadAssembly
Native extension for WindowsStandalone target not found
Refreshing native plugins compatible for Editor in 0.39 ms, found 3 plugins.
Preloading 0 native plugins for Editor in 0.00 ms.
Mono: successfully reloaded assembly
- Completed reload, in  0.857 seconds
Platform modules already initialized, skipping
Refreshing native plugins compatible for Editor in 0.43 ms, found 3 plugins.
Preloading 0 native plugins for Editor in 0.00 ms.
Unloading 2082 Unused Serialized files (Serialized files now loaded: 0)
System memory in use before: 93.4 MB.
System memory in use after: 93.4 MB.

Unloading 21 unused Assets to reduce memory usage. Loaded Objects now: 2620.
Total: 2.192000 ms (FindLiveObjects: 0.193800 ms CreateObjectMapping: 0.072600 ms MarkObjects: 1.807300 ms  DeleteObjects: 0.117300 ms)

========================================================================
Received Prepare
Registering precompiled user dll's ...
Registered in 0.003556 seconds.
Begin MonoManager ReloadAssembly
Native extension for WindowsStandalone target not found
Refreshing native plugins compatible for Editor in 0.39 ms, found 3 plugins.
Preloading 0 native plugins for Editor in 0.00 ms.
Mono: successfully reloaded assembly
- Completed reload, in  0.885 seconds
Platform modules already initialized, skipping
Refreshing native plugins compatible for Editor in 0.39 ms, found 3 plugins.
Preloading 0 native plugins for Editor in 0.00 ms.
Unloading 2082 Unused Serialized files (Serialized files now loaded: 0)
System memory in use before: 93.4 MB.
System memory in use after: 93.4 MB.

Unloading 21 unused Assets to reduce memory usage. Loaded Objects now: 2624.
Total: 2.047100 ms (FindLiveObjects: 0.167700 ms CreateObjectMapping: 0.069700 ms MarkObjects: 1.714900 ms  DeleteObjects: 0.094100 ms)

========================================================================
Received Prepare
Registering precompiled user dll's ...
Registered in 0.003862 seconds.
Begin MonoManager ReloadAssembly
Native extension for WindowsStandalone target not found
Refreshing native plugins compatible for Editor in 0.39 ms, found 3 plugins.
Preloading 0 native plugins for Editor in 0.00 ms.
Mono: successfully reloaded assembly
- Completed reload, in  0.859 seconds
Platform modules already initialized, skipping
Refreshing native plugins compatible for Editor in 0.40 ms, found 3 plugins.
Preloading 0 native plugins for Editor in 0.00 ms.
Unloading 2082 Unused Serialized files (Serialized files now loaded: 0)
System memory in use before: 93.4 MB.
System memory in use after: 93.4 MB.

Unloading 21 unused Assets to reduce memory usage. Loaded Objects now: 2628.
Total: 2.051400 ms (FindLiveObjects: 0.159200 ms CreateObjectMapping: 0.062000 ms MarkObjects: 1.733200 ms  DeleteObjects: 0.096000 ms)

========================================================================
Received Import Request.
  Time since last request: 4256.352931 seconds.
  path: Assets/Scenes/MIT-Web-Loading.jpg
  artifactKey: Guid(ebb36951577c0454fae4dd85ac4a5c7a) Importer(815301076,1909f56bfc062723c751e8b465ee728b)
Start importing Assets/Scenes/MIT-Web-Loading.jpg using Guid(ebb36951577c0454fae4dd85ac4a5c7a) Importer(815301076,1909f56bfc062723c751e8b465ee728b)  -> (artifact id: '217df90e041a76749b65d091aa4595c7') in 0.123409 seconds
  Import took 0.127063 seconds .

========================================================================
Received Import Request.
  Time since last request: 19.758624 seconds.
  path: Assets/Sprite
  artifactKey: Guid(d9dc97550349e8646b82da473f2eaf94) Importer(815301076,1909f56bfc062723c751e8b465ee728b)
Start importing Assets/Sprite using Guid(d9dc97550349e8646b82da473f2eaf94) Importer(815301076,1909f56bfc062723c751e8b465ee728b)  -> (artifact id: '291e9f15bed6b6efee2e8e55ba26eb68') in 0.006107 seconds
  Import took 0.009119 seconds .

========================================================================
Received Import Request.
  Time since last request: 0.068367 seconds.
  path: Assets/Sprite/Background.jpg
  artifactKey: Guid(6687fccc2f7a6b14ea943d5cc3be3fbb) Importer(815301076,1909f56bfc062723c751e8b465ee728b)
Start importing Assets/Sprite/Background.jpg using Guid(6687fccc2f7a6b14ea943d5cc3be3fbb) Importer(815301076,1909f56bfc062723c751e8b465ee728b)  -> (artifact id: '2ab79afe47ad23bfe40c2cbf4967c474') in 0.012736 seconds
  Import took 0.015757 seconds .

========================================================================
Received Import Request.
  Time since last request: 0.000262 seconds.
  path: Assets/Sprite/Quit.png
  artifactKey: Guid(fdcdea39d9715b3428c5ab404231f19a) Importer(815301076,1909f56bfc062723c751e8b465ee728b)
Start importing Assets/Sprite/Quit.png using Guid(fdcdea39d9715b3428c5ab404231f19a) Importer(815301076,1909f56bfc062723c751e8b465ee728b)  -> (artifact id: 'b006733021f9a07988bdd36bcf007d5f') in 0.015674 seconds
  Import took 0.018403 seconds .

========================================================================
Received Import Request.
  Time since last request: 0.000253 seconds.
  path: Assets/Sprite/Start.png
  artifactKey: Guid(7dd75038fa49a814885b4a88e8a124ae) Importer(815301076,1909f56bfc062723c751e8b465ee728b)
Start importing Assets/Sprite/Start.png using Guid(7dd75038fa49a814885b4a88e8a124ae) Importer(815301076,1909f56bfc062723c751e8b465ee728b)  -> (artifact id: '31192ba480bd78ecccd76ab3f63b893d') in 0.024804 seconds
  Import took 0.027673 seconds .

========================================================================
Received Import Request.
  Time since last request: 0.000245 seconds.
  path: Assets/Sprite/Star.jpg
  artifactKey: Guid(a8d6c8076ee89914e843ac49216a6b8d) Importer(815301076,1909f56bfc062723c751e8b465ee728b)
Start importing Assets/Sprite/Star.jpg using Guid(a8d6c8076ee89914e843ac49216a6b8d) Importer(815301076,1909f56bfc062723c751e8b465ee728b)  -> (artifact id: '43f98d6b6174a10aed266bbb845e4c04') in 0.016989 seconds
  Import took 0.020137 seconds .

========================================================================
Received Import Request.
  Time since last request: 0.000240 seconds.
  path: Assets/Sprite/Next.png
  artifactKey: Guid(59ce1d43e2ccb6c48b6a262fe1160170) Importer(815301076,1909f56bfc062723c751e8b465ee728b)
Start importing Assets/Sprite/Next.png using Guid(59ce1d43e2ccb6c48b6a262fe1160170) Importer(815301076,1909f56bfc062723c751e8b465ee728b)  -> (artifact id: '2f8f6da63cbc77962819210c56a9b32d') in 0.022215 seconds
  Import took 0.025508 seconds .

========================================================================
Received Import Request.
  Time since last request: 0.000227 seconds.
  path: Assets/Sprite/Exit.png
  artifactKey: Guid(e5b33d3274ea80942b8e121d4377b14b) Importer(815301076,1909f56bfc062723c751e8b465ee728b)
Start importing Assets/Sprite/Exit.png using Guid(e5b33d3274ea80942b8e121d4377b14b) Importer(815301076,1909f56bfc062723c751e8b465ee728b)  -> (artifact id: '5652073854081cb18bb83f8ed1a2c59a') in 0.012243 seconds
  Import took 0.015360 seconds .

========================================================================
Received Import Request.
  Time since last request: 5.582624 seconds.
  path: Assets/Sprite/MIT-Web-Loading.jpg
  artifactKey: Guid(151325f15991f444ba1c21738757d6d0) Importer(815301076,1909f56bfc062723c751e8b465ee728b)
Start importing Assets/Sprite/MIT-Web-Loading.jpg using Guid(151325f15991f444ba1c21738757d6d0) Importer(815301076,1909f56bfc062723c751e8b465ee728b)  -> (artifact id: 'b083aab400ce17e949a08f60fbfb2532') in 0.013057 seconds
  Import took 0.016288 seconds .

========================================================================
Received Import Request.
  Time since last request: 6.346220 seconds.
  path: Assets/Scenes
  artifactKey: Guid(afa9a005732b55848a765ab7a7381d05) Importer(815301076,1909f56bfc062723c751e8b465ee728b)
Start importing Assets/Scenes using Guid(afa9a005732b55848a765ab7a7381d05) Importer(815301076,1909f56bfc062723c751e8b465ee728b)  -> (artifact id: '8e9346b15d86eb4cc15070c05ede4fd2') in 0.005759 seconds
  Import took 0.008632 seconds .

========================================================================
Received Prepare
Registering precompiled user dll's ...
Registered in 0.003877 seconds.
Begin MonoManager ReloadAssembly
Native extension for WindowsStandalone target not found
Refreshing native plugins compatible for Editor in 0.40 ms, found 3 plugins.
Preloading 0 native plugins for Editor in 0.00 ms.
Mono: successfully reloaded assembly
- Completed reload, in  0.878 seconds
Platform modules already initialized, skipping
Refreshing native plugins compatible for Editor in 0.39 ms, found 3 plugins.
Preloading 0 native plugins for Editor in 0.00 ms.
Unloading 2082 Unused Serialized files (Serialized files now loaded: 0)
System memory in use before: 96.4 MB.
System memory in use after: 96.4 MB.

Unloading 21 unused Assets to reduce memory usage. Loaded Objects now: 2648.
Total: 2.067300 ms (FindLiveObjects: 0.166800 ms CreateObjectMapping: 0.068800 ms MarkObjects: 1.742400 ms  DeleteObjects: 0.088500 ms)

========================================================================
Received Prepare
Registering precompiled user dll's ...
Registered in 0.003774 seconds.
Begin MonoManager ReloadAssembly
Native extension for WindowsStandalone target not found
Refreshing native plugins compatible for Editor in 0.41 ms, found 3 plugins.
Preloading 0 native plugins for Editor in 0.00 ms.
Mono: successfully reloaded assembly
- Completed reload, in  0.913 seconds
Platform modules already initialized, skipping
Refreshing native plugins compatible for Editor in 0.39 ms, found 3 plugins.
Preloading 0 native plugins for Editor in 0.00 ms.
Unloading 2082 Unused Serialized files (Serialized files now loaded: 0)
System memory in use before: 96.4 MB.
System memory in use after: 96.4 MB.

Unloading 21 unused Assets to reduce memory usage. Loaded Objects now: 2652.
Total: 2.023400 ms (FindLiveObjects: 0.174400 ms CreateObjectMapping: 0.069700 ms MarkObjects: 1.688000 ms  DeleteObjects: 0.090300 ms)

========================================================================
Received Prepare
Registering precompiled user dll's ...
Registered in 0.008797 seconds.
Begin MonoManager ReloadAssembly
Native extension for WindowsStandalone target not found
Refreshing native plugins compatible for Editor in 1.33 ms, found 3 plugins.
Preloading 0 native plugins for Editor in 0.00 ms.
Mono: successfully reloaded assembly
- Completed reload, in  1.062 seconds
Platform modules already initialized, skipping
Refreshing native plugins compatible for Editor in 0.43 ms, found 3 plugins.
Preloading 0 native plugins for Editor in 0.00 ms.
Unloading 2085 Unused Serialized files (Serialized files now loaded: 0)
System memory in use before: 96.5 MB.
System memory in use after: 96.5 MB.

Unloading 24 unused Assets to reduce memory usage. Loaded Objects now: 2656.
Total: 2.516600 ms (FindLiveObjects: 0.254100 ms CreateObjectMapping: 0.091200 ms MarkObjects: 2.065300 ms  DeleteObjects: 0.104900 ms)

========================================================================
Received Prepare
Registering precompiled user dll's ...
Registered in 0.003718 seconds.
Begin MonoManager ReloadAssembly
Native extension for WindowsStandalone target not found
Refreshing native plugins compatible for Editor in 0.50 ms, found 3 plugins.
Preloading 0 native plugins for Editor in 0.00 ms.
Mono: successfully reloaded assembly
- Completed reload, in  2.291 seconds
Platform modules already initialized, skipping
Refreshing native plugins compatible for Editor in 0.48 ms, found 3 plugins.
Preloading 0 native plugins for Editor in 0.00 ms.
Unloading 2085 Unused Serialized files (Serialized files now loaded: 0)
System memory in use before: 96.5 MB.
System memory in use after: 96.5 MB.

Unloading 24 unused Assets to reduce memory usage. Loaded Objects now: 2660.
Total: 2.720500 ms (FindLiveObjects: 0.218900 ms CreateObjectMapping: 0.116500 ms MarkObjects: 2.272200 ms  DeleteObjects: 0.111300 ms)

========================================================================
Received Prepare
Registering precompiled user dll's ...
Registered in 0.005560 seconds.
Begin MonoManager ReloadAssembly
Native extension for WindowsStandalone target not found
Refreshing native plugins compatible for Editor in 0.41 ms, found 3 plugins.
Preloading 0 native plugins for Editor in 0.00 ms.
Mono: successfully reloaded assembly
- Completed reload, in  0.935 seconds
Platform modules already initialized, skipping
Refreshing native plugins compatible for Editor in 0.45 ms, found 3 plugins.
Preloading 0 native plugins for Editor in 0.00 ms.
Unloading 2085 Unused Serialized files (Serialized files now loaded: 0)
System memory in use before: 96.5 MB.
System memory in use after: 96.5 MB.

Unloading 24 unused Assets to reduce memory usage. Loaded Objects now: 2664.
Total: 2.497500 ms (FindLiveObjects: 0.338800 ms CreateObjectMapping: 0.134900 ms MarkObjects: 1.926600 ms  DeleteObjects: 0.095900 ms)

========================================================================
Received Import Request.
  Time since last request: 3112.491406 seconds.
  path: Assets/Scenes/Game Scene.unity
  artifactKey: Guid(2cda990e2423bbf4892e6590ba056729) Importer(815301076,1909f56bfc062723c751e8b465ee728b)
Start importing Assets/Scenes/Game Scene.unity using Guid(2cda990e2423bbf4892e6590ba056729) Importer(815301076,1909f56bfc062723c751e8b465ee728b)  -> (artifact id: '690e927c04e5e22e7a76d94895421c9f') in 0.017916 seconds
  Import took 0.020994 seconds .

========================================================================
Received Import Request.
  Time since last request: 5.496856 seconds.
  path: Assets/Scenes/Game Scene.unity
  artifactKey: Guid(2cda990e2423bbf4892e6590ba056729) Importer(815301076,1909f56bfc062723c751e8b465ee728b)
Start importing Assets/Scenes/Game Scene.unity using Guid(2cda990e2423bbf4892e6590ba056729) Importer(815301076,1909f56bfc062723c751e8b465ee728b)  -> (artifact id: '828dfa491713a715050802f5aabe4ee0') in 0.005587 seconds
  Import took 0.008589 seconds .

========================================================================
Received Prepare
Registering precompiled user dll's ...
Registered in 0.004836 seconds.
Begin MonoManager ReloadAssembly
Native extension for WindowsStandalone target not found
Refreshing native plugins compatible for Editor in 0.46 ms, found 3 plugins.
Preloading 0 native plugins for Editor in 0.00 ms.
Mono: successfully reloaded assembly
- Completed reload, in  1.129 seconds
Platform modules already initialized, skipping
Refreshing native plugins compatible for Editor in 0.64 ms, found 3 plugins.
Preloading 0 native plugins for Editor in 0.00 ms.
Unloading 2085 Unused Serialized files (Serialized files now loaded: 0)
System memory in use before: 96.5 MB.
System memory in use after: 96.5 MB.

Unloading 24 unused Assets to reduce memory usage. Loaded Objects now: 2668.
Total: 2.705400 ms (FindLiveObjects: 0.320500 ms CreateObjectMapping: 0.107600 ms MarkObjects: 2.165500 ms  DeleteObjects: 0.110300 ms)

AssetImportWorkerClient::OnTransportError - code=2 error=End of file
